<?xml version="1.0" encoding="UTF-8"?>
<!-- Generated by org.testng.reporters.JUnitXMLReporter -->
<testsuite hostname="DESKTOP-27L8JE7" ignored="3" name="Test" tests="1" failures="0" timestamp="13 Jun 2021 10:53:44 GMT" time="60.309" errors="0">
  <testcase name="amazon" time="37.655" classname="demoproject.June3PMSelenium.TNG_002"/>
  <testcase name="radioButtonTest" time="0.0" classname="demoproject.June3PMSelenium.RadioButton1">
    <ignored/>
  </testcase> <!-- radioButtonTest -->
  <testcase name="checkboxTest" time="0.0" classname="demoproject.June3PMSelenium.CheckBox1">
    <ignored/>
  </testcase> <!-- checkboxTest -->
  <testcase name="linktesting1" time="0.0" classname="demoproject.June3PMSelenium.LinksTesting1">
    <ignored/>
  </testcase> <!-- linktesting1 -->
</testsuite> <!-- Test -->
