<?xml version="1.0" encoding="UTF-8"?>
<testng-results skipped="0" failed="0" ignored="0" total="1" passed="1">
  <reporter-output>
  </reporter-output>
  <suite name="Default suite" duration-ms="12613" started-at="2021-07-28T16:16:11 IST" finished-at="2021-07-28T16:16:23 IST">
    <groups>
    </groups>
    <test name="Default test" duration-ms="12613" started-at="2021-07-28T16:16:11 IST" finished-at="2021-07-28T16:16:23 IST">
      <class name="testcases.CreatePrortifolio">
        <test-method status="PASS" signature="createPrortifolio()[pri:0, instance:testcases.CreatePrortifolio@9660f4e]" name="createPrortifolio" duration-ms="12474" started-at="2021-07-28T16:16:11 IST" finished-at="2021-07-28T16:16:23 IST">
          <reporter-output>
          </reporter-output>
        </test-method> <!-- createPrortifolio -->
      </class> <!-- testcases.CreatePrortifolio -->
    </test> <!-- Default test -->
  </suite> <!-- Default suite -->
</testng-results>
