<?xml version="1.0" encoding="UTF-8"?>
<!-- Generated by org.testng.reporters.JUnitXMLReporter -->
<testsuite hostname="DESKTOP-27L8JE7" ignored="0" name="AutomationTest" tests="4" failures="0" timestamp="12 Jun 2021 11:22:17 GMT" time="164.319" errors="0">
  <testcase name="linktesting1" time="2.235" classname="demoproject.June3PMSelenium.LinksTesting1"/>
  <testcase name="radioButtonTest" time="1.861" classname="demoproject.June3PMSelenium.RadioButton1"/>
  <testcase name="checkboxTest" time="1.449" classname="demoproject.June3PMSelenium.CheckBox1"/>
  <testcase name="amazon" time="32.205" classname="demoproject.June3PMSelenium.TNG_002"/>
</testsuite> <!-- AutomationTest -->
