<?xml version="1.0" encoding="UTF-8"?>
<!-- Generated by org.testng.reporters.JUnitXMLReporter -->
<testsuite hostname="DESKTOP-27L8JE7" ignored="0" name="ChromeTest" tests="4" failures="0" timestamp="12 Jun 2021 11:33:27 GMT" time="163.68" errors="0">
  <testcase name="linktesting1" time="1.243" classname="demoproject.June3PMSelenium.LinksTesting1"/>
  <testcase name="radioButtonTest" time="4.532" classname="demoproject.June3PMSelenium.RadioButton1"/>
  <testcase name="checkboxTest" time="0.273" classname="demoproject.June3PMSelenium.CheckBox1"/>
  <testcase name="amazon" time="30.29" classname="demoproject.June3PMSelenium.TNG_002"/>
</testsuite> <!-- ChromeTest -->
