<?xml version="1.0" encoding="UTF-8"?>
<!-- Generated by org.testng.reporters.JUnitXMLReporter -->
<testsuite hostname="DESKTOP-27L8JE7" ignored="0" name="FirefoxTest" tests="4" failures="0" timestamp="12 Jun 2021 11:35:46 GMT" time="138.399" errors="0">
  <testcase name="linktesting1" time="1.696" classname="demoproject.June3PMSelenium.LinksTesting1"/>
  <testcase name="radioButtonTest" time="1.095" classname="demoproject.June3PMSelenium.RadioButton1"/>
  <testcase name="checkboxTest" time="1.651" classname="demoproject.June3PMSelenium.CheckBox1"/>
  <testcase name="amazon" time="5.691" classname="demoproject.June3PMSelenium.TNG_002"/>
</testsuite> <!-- FirefoxTest -->
