<?xml version="1.0" encoding="UTF-8"?>
<!-- Generated by org.testng.reporters.JUnitXMLReporter -->
<testsuite hostname="DESKTOP-27L8JE7" ignored="0" name="FirefoxTest" tests="4" failures="0" timestamp="13 Jun 2021 09:50:05 GMT" time="126.965" errors="0">
  <testcase name="linktesting1" time="2.891" classname="demoproject.June3PMSelenium.LinksTesting1"/>
  <testcase name="radioButtonTest" time="1.425" classname="demoproject.June3PMSelenium.RadioButton1"/>
  <testcase name="checkboxTest" time="1.333" classname="demoproject.June3PMSelenium.CheckBox1"/>
  <testcase name="amazon" time="5.82" classname="demoproject.June3PMSelenium.TNG_002"/>
</testsuite> <!-- FirefoxTest -->
