<?xml version="1.0" encoding="UTF-8"?>
<!-- Generated by org.testng.reporters.JUnitXMLReporter -->
<testsuite hostname="DESKTOP-27L8JE7" ignored="0" name="Default test" tests="2" failures="0" timestamp="22 Jun 2021 10:27:17 GMT" time="36.547" errors="0">
  <testcase name="f" time="34.695" classname="excelDataDriven.DataManagentFinalVersion"/>
  <testcase name="f" time="0.003" classname="excelDataDriven.DataManagentFinalVersion">
    <skipped/>
  </testcase> <!-- f -->
</testsuite> <!-- Default test -->
