<?xml version="1.0" encoding="UTF-8"?>
<!-- Generated by org.testng.reporters.JUnitXMLReporter -->
<testsuite hostname="DESKTOP-27L8JE7" ignored="0" name="Default test" tests="4" failures="0" timestamp="13 Jun 2021 11:07:00 GMT" time="0.149" errors="0">
  <testcase name="orange" time="0.021" classname="demoproject.June3PMSelenium.TestDependency"/>
  <testcase name="white" time="0.003" classname="demoproject.June3PMSelenium.TestDependency"/>
  <testcase name="blue" time="0.003" classname="demoproject.June3PMSelenium.TestDependency">
    <skipped/>
  </testcase> <!-- blue -->
  <testcase name="green" time="0.0" classname="demoproject.June3PMSelenium.TestDependency">
    <skipped/>
  </testcase> <!-- green -->
</testsuite> <!-- Default test -->
