<?xml version="1.0" encoding="UTF-8"?>
<!-- Generated by org.testng.reporters.JUnitXMLReporter -->
<testsuite hostname="DESKTOP-27L8JE7" ignored="1" name="DemoTest" tests="3" failures="0" timestamp="12 Jun 2021 11:08:55 GMT" time="0.122" errors="0">
  <testcase name="f" time="0.02" classname="demoproject.June3PMSelenium.NewTest"/>
  <testcase name="f" time="0.005" classname="demoproject.June3PMSelenium.TNG_001"/>
  <testcase name="a" time="0.005" classname="demoproject.June3PMSelenium.TNG_001"/>
  <testcase name="z" time="0.0" classname="demoproject.June3PMSelenium.TNG_001">
    <ignored/>
  </testcase> <!-- z -->
</testsuite> <!-- DemoTest -->
