<?xml version="1.0" encoding="UTF-8"?>
<testng-results skipped="0" failed="0" ignored="0" total="1" passed="1">
  <reporter-output>
  </reporter-output>
  <suite name="Default suite" duration-ms="18227" started-at="2021-07-19T10:24:19Z" finished-at="2021-07-19T10:24:38Z">
    <groups>
    </groups>
    <test name="Default test" duration-ms="18227" started-at="2021-07-19T10:24:19Z" finished-at="2021-07-19T10:24:38Z">
      <class name="switches.FileUpload">
        <test-method status="PASS" signature="beforeMethod()[pri:0, instance:switches.FileUpload@45dd4eda]" name="beforeMethod" is-config="true" duration-ms="14694" started-at="2021-07-19T10:24:19Z" finished-at="2021-07-19T10:24:34Z">
          <reporter-output>
          </reporter-output>
        </test-method> <!-- beforeMethod -->
        <test-method status="PASS" signature="fileupload()[pri:0, instance:switches.FileUpload@45dd4eda]" name="fileupload" duration-ms="3452" started-at="2021-07-19T10:24:34Z" finished-at="2021-07-19T10:24:38Z">
          <reporter-output>
          </reporter-output>
        </test-method> <!-- fileupload -->
        <test-method status="PASS" signature="afterMethod()[pri:0, instance:switches.FileUpload@45dd4eda]" name="afterMethod" is-config="true" duration-ms="0" started-at="2021-07-19T10:24:38Z" finished-at="2021-07-19T10:24:38Z">
          <reporter-output>
          </reporter-output>
        </test-method> <!-- afterMethod -->
      </class> <!-- switches.FileUpload -->
    </test> <!-- Default test -->
  </suite> <!-- Default suite -->
</testng-results>
